2023-11-03T20:58:45.528+0700	FATAL	app/app.go:36	Not able to start Application.
2023-11-03T20:59:24.256+0700	FATAL	app/app.go:36	Not able to start Application.
2023-11-03T21:00:35.920+0700	INFO	no-name/main.go:20	Starting server request...
2023-11-03T21:03:04.195+0700	INFO	app/app.go:36	Database connection established.
2023-11-03T21:03:04.196+0700	INFO	no-name/main.go:20	Starting server request...
2023-11-03T21:12:16.493+0700	INFO	no-name/main.go:19	Initializing DB conection...
2023-11-03T21:12:16.510+0700	INFO	no-name/main.go:20	Starting server request...
2023-11-03T21:12:16.510+0700	INFO	runtime/asm_amd64.s:1650	Listening on port 8080
2023-11-03T21:15:27.898+0700	INFO	no-name/main.go:19	Initializing DB conection...
2023-11-03T21:15:28.031+0700	INFO	no-name/main.go:20	Starting server request...
2023-11-03T21:15:28.031+0700	INFO	runtime/asm_amd64.s:1650	start listening main server
2023-11-03T21:15:57.631+0700	INFO	no-name/main.go:19	Initializing DB conection...
2023-11-03T21:15:57.641+0700	INFO	no-name/main.go:20	Starting server request...
2023-11-03T21:15:57.641+0700	INFO	runtime/asm_amd64.s:1650	start listening on http8080
2023-11-03T21:16:22.074+0700	INFO	no-name/main.go:19	Initializing DB conection...
2023-11-03T21:16:22.081+0700	INFO	no-name/main.go:20	Starting server request...
2023-11-03T21:16:22.082+0700	INFO	runtime/asm_amd64.s:1650	start listening on http://localhost:8080/8080
2023-11-03T21:17:12.180+0700	INFO	no-name/main.go:19	Initializing DB conection...
2023-11-03T21:17:12.188+0700	INFO	no-name/main.go:20	Starting server request...
2023-11-03T21:17:12.188+0700	INFO	runtime/asm_amd64.s:1650	start listening on port: 8080
2023-11-03T21:47:54.872+0700	INFO	no-name/main.go:35	Initializing DB conection...
2023-11-03T21:47:54.889+0700	INFO	no-name/main.go:36	Starting server request...
2023-11-03T21:47:54.889+0700	INFO	runtime/asm_amd64.s:1650	start listening on port: 8080
2023-11-03T21:49:33.374+0700	INFO	no-name/main.go:35	Initializing DB conection...
2023-11-03T21:49:33.385+0700	INFO	no-name/main.go:36	Starting server request...
2023-11-03T21:49:33.385+0700	INFO	runtime/asm_amd64.s:1650	start listening on port: 8080
2023-11-03T21:50:52.487+0700	INFO	no-name/main.go:35	Initializing DB conection...
2023-11-03T21:50:52.500+0700	INFO	no-name/main.go:36	Starting server request...
2023-11-03T21:50:52.500+0700	INFO	runtime/asm_amd64.s:1650	start listening on port: 8080
2023-11-03T21:51:47.923+0700	INFO	no-name/main.go:35	Initializing DB conection...
2023-11-03T21:51:47.935+0700	INFO	no-name/main.go:36	Starting server request...
2023-11-03T21:51:47.935+0700	INFO	runtime/asm_amd64.s:1650	start listening on port: 8080
2023-11-03T21:52:52.147+0700	INFO	no-name/main.go:35	Initializing DB conection...
2023-11-03T21:52:52.156+0700	INFO	no-name/main.go:36	Starting server request...
2023-11-03T21:52:52.156+0700	INFO	runtime/asm_amd64.s:1650	start listening on port: 8080
2023-11-03T21:55:17.991+0700	INFO	no-name/main.go:35	Initializing DB conection...
2023-11-03T21:55:18.000+0700	INFO	no-name/main.go:36	Starting server request...
2023-11-03T21:55:18.000+0700	INFO	runtime/asm_amd64.s:1650	start listening on port: 8080
2023-11-03T21:59:10.827+0700	INFO	no-name/main.go:35	Initializing DB conection...
2023-11-03T21:59:10.840+0700	INFO	no-name/main.go:36	Starting server request...
2023-11-03T21:59:10.841+0700	INFO	runtime/asm_amd64.s:1650	start listening on port: 8080
2023-11-03T22:01:17.330+0700	INFO	no-name/main.go:35	Initializing DB conection...
2023-11-03T22:01:17.338+0700	INFO	no-name/main.go:36	Starting server request...
2023-11-03T22:01:17.338+0700	INFO	runtime/asm_amd64.s:1650	start listening on port: 8080
2023-11-05T19:12:33.693+0700	INFO	no-name/main.go:35	Initializing DB conection...
2023-11-05T19:12:33.697+0700	FATAL	app/app.go:44	Not able to start Application.
2023-11-05T22:08:32.353+0700	INFO	no-name/main.go:35	Initializing DB conection...
2023-11-05T22:08:32.356+0700	FATAL	app/app.go:45	Not able to start Application.
2023-11-05T22:09:02.430+0700	INFO	no-name/main.go:35	Initializing DB conection...
2023-11-05T22:09:02.450+0700	INFO	no-name/main.go:36	Starting server request...
2023-11-05T22:09:02.451+0700	INFO	runtime/asm_amd64.s:1650	start listening on port: 8080
2023-11-09T00:25:15.926+0700	INFO	no-name/main.go:35	Initializing DB conection...
2023-11-09T00:25:15.929+0700	FATAL	app/app.go:47	Not able to start Application.
2023-11-10T01:51:41.152+0700	INFO	no-name/main.go:35	Initializing DB conection...
2023-11-10T01:51:41.159+0700	FATAL	app/app.go:55	Not able to start Application.
2023-11-10T01:52:50.337+0700	INFO	no-name/main.go:35	Initializing DB conection...
2023-11-10T01:54:03.175+0700	INFO	no-name/main.go:35	Initializing DB conection...
2023-11-10T02:07:17.094+0700	INFO	no-name/main.go:35	Initializing DB conection...
2023-11-10T02:07:17.102+0700	INFO	no-name/main.go:36	Starting server request...
2023-11-10T02:07:17.102+0700	INFO	runtime/asm_amd64.s:1650	start listening on port: 8080
2023-11-10T02:08:42.513+0700	INFO	no-name/main.go:35	Initializing DB conection...
2023-11-10T02:08:42.523+0700	INFO	no-name/main.go:36	Starting server request...
2023-11-10T02:08:42.523+0700	INFO	runtime/asm_amd64.s:1650	start listening on port: 8080
2023-11-10T02:08:52.040+0700	INFO	no-name/main.go:35	Initializing DB conection...
2023-11-10T02:08:52.051+0700	INFO	no-name/main.go:36	Starting server request...
2023-11-10T02:08:52.051+0700	INFO	runtime/asm_amd64.s:1650	start listening on port: 8080
2023-11-10T02:14:09.261+0700	INFO	no-name/main.go:35	Initializing DB conection...
2023-11-10T02:14:09.271+0700	INFO	no-name/main.go:36	Starting server request...
2023-11-10T02:14:09.271+0700	INFO	runtime/asm_amd64.s:1650	start listening on port: 8080
2023-11-10T02:15:34.799+0700	INFO	no-name/main.go:35	Initializing DB conection...
2023-11-10T02:15:34.807+0700	INFO	no-name/main.go:36	Starting server request...
2023-11-10T02:15:34.807+0700	INFO	runtime/asm_amd64.s:1650	start listening on port: 8080
2023-11-10T02:22:59.095+0700	INFO	no-name/main.go:35	Initializing DB conection...
2023-11-10T02:22:59.103+0700	INFO	no-name/main.go:36	Starting server request...
2023-11-10T02:22:59.103+0700	INFO	runtime/asm_amd64.s:1650	start listening on port: 8080
2023-11-10T02:27:32.357+0700	INFO	no-name/main.go:35	Initializing DB conection...
2023-11-10T02:28:03.053+0700	INFO	no-name/main.go:35	Initializing DB conection...
2023-11-10T02:28:18.295+0700	INFO	no-name/main.go:35	Initializing DB conection...
2023-11-10T02:28:18.302+0700	INFO	no-name/main.go:36	Starting server request...
2023-11-10T02:28:18.303+0700	INFO	runtime/asm_amd64.s:1650	start listening on port: 8080
2023-11-10T02:31:23.196+0700	INFO	no-name/main.go:35	Initializing DB conection...
2023-11-10T02:31:23.203+0700	INFO	no-name/main.go:36	Starting server request...
2023-11-10T02:31:23.203+0700	INFO	runtime/asm_amd64.s:1650	start listening on port: 8080
2023-11-10T02:32:19.109+0700	INFO	no-name/main.go:35	Initializing DB conection...
2023-11-10T02:32:19.118+0700	INFO	no-name/main.go:36	Starting server request...
2023-11-10T02:32:19.118+0700	INFO	runtime/asm_amd64.s:1650	start listening on port: 8080
2023-11-10T02:35:49.634+0700	INFO	no-name/main.go:35	Initializing DB conection...
2023-11-10T02:35:49.644+0700	INFO	no-name/main.go:36	Starting server request...
2023-11-10T02:35:49.645+0700	INFO	runtime/asm_amd64.s:1650	start listening on port: 8080
2023-11-10T02:41:39.729+0700	INFO	no-name/main.go:35	Initializing DB conection...
2023-11-10T02:41:39.737+0700	INFO	no-name/main.go:36	Starting server request...
2023-11-10T02:41:39.737+0700	INFO	runtime/asm_amd64.s:1650	start listening on port: 8080
2023-11-10T02:43:59.057+0700	INFO	no-name/main.go:35	Initializing DB conection...
2023-11-10T02:43:59.065+0700	INFO	no-name/main.go:36	Starting server request...
2023-11-10T02:43:59.065+0700	INFO	runtime/asm_amd64.s:1650	start listening on port: 8080
2023-11-10T02:52:06.708+0700	INFO	no-name/main.go:35	Initializing DB conection...
2023-11-10T02:52:06.717+0700	INFO	no-name/main.go:36	Starting server request...
2023-11-10T02:52:06.717+0700	INFO	runtime/asm_amd64.s:1650	start listening on port: 8080
2023-11-10T02:56:54.465+0700	INFO	no-name/main.go:35	Initializing DB conection...
2023-11-10T02:56:54.475+0700	INFO	no-name/main.go:36	Starting server request...
2023-11-10T02:56:54.475+0700	INFO	runtime/asm_amd64.s:1650	start listening on port: 8080
2023-11-10T02:57:13.068+0700	INFO	no-name/main.go:35	Initializing DB conection...
2023-11-10T02:57:13.077+0700	INFO	no-name/main.go:36	Starting server request...
2023-11-10T02:57:13.078+0700	INFO	runtime/asm_amd64.s:1650	start listening on port: 8080
2023-11-10T03:08:07.358+0700	INFO	no-name/main.go:35	Initializing DB conection...
2023-11-10T03:08:07.367+0700	INFO	no-name/main.go:36	Starting server request...
2023-11-10T03:08:07.367+0700	INFO	runtime/asm_amd64.s:1650	start listening on port: 8080
2023-11-10T03:08:44.654+0700	INFO	no-name/main.go:35	Initializing DB conection...
2023-11-10T03:08:44.661+0700	INFO	no-name/main.go:36	Starting server request...
2023-11-10T03:08:44.661+0700	INFO	runtime/asm_amd64.s:1650	start listening on port: 8080
2023-11-10T03:09:01.446+0700	INFO	no-name/main.go:35	Initializing DB conection...
2023-11-10T03:09:01.454+0700	INFO	no-name/main.go:36	Starting server request...
2023-11-10T03:09:01.454+0700	INFO	runtime/asm_amd64.s:1650	start listening on port: 8080
2023-11-10T03:18:20.349+0700	INFO	no-name/main.go:35	Initializing DB conection...
2023-11-10T03:18:20.358+0700	INFO	no-name/main.go:36	Starting server request...
2023-11-10T03:18:20.358+0700	INFO	runtime/asm_amd64.s:1650	start listening on port: 8080
2023-11-10T03:20:33.095+0700	INFO	no-name/main.go:35	Initializing DB conection...
2023-11-10T03:20:33.105+0700	INFO	no-name/main.go:36	Starting server request...
2023-11-10T03:20:33.105+0700	INFO	runtime/asm_amd64.s:1650	start listening on port: 8080
2023-11-10T03:30:06.400+0700	INFO	no-name/main.go:35	Initializing DB conection...
2023-11-10T03:30:06.411+0700	INFO	no-name/main.go:36	Starting server request...
2023-11-10T03:30:06.411+0700	INFO	runtime/asm_amd64.s:1650	start listening on port: 8080
2023-11-10T03:40:55.110+0700	INFO	no-name/main.go:35	Initializing DB conection...
2023-11-10T03:40:55.119+0700	INFO	no-name/main.go:36	Starting server request...
2023-11-10T03:40:55.119+0700	INFO	runtime/asm_amd64.s:1650	start listening on port: 8080
2023-11-10T03:42:04.493+0700	INFO	no-name/main.go:35	Initializing DB conection...
2023-11-10T03:42:04.500+0700	INFO	no-name/main.go:36	Starting server request...
2023-11-10T03:42:04.500+0700	INFO	runtime/asm_amd64.s:1650	start listening on port: 8080
2023-11-10T03:43:51.379+0700	INFO	no-name/main.go:35	Initializing DB conection...
2023-11-10T03:43:51.386+0700	INFO	no-name/main.go:36	Starting server request...
2023-11-10T03:43:51.387+0700	INFO	runtime/asm_amd64.s:1650	start listening on port: 8080
2023-11-10T03:45:21.256+0700	INFO	no-name/main.go:35	Initializing DB conection...
2023-11-10T03:45:21.264+0700	INFO	no-name/main.go:36	Starting server request...
2023-11-10T03:45:21.264+0700	INFO	runtime/asm_amd64.s:1650	start listening on port: 8080
2023-11-10T03:45:37.981+0700	INFO	no-name/main.go:35	Initializing DB conection...
2023-11-10T03:45:37.990+0700	INFO	no-name/main.go:36	Starting server request...
2023-11-10T03:45:37.991+0700	INFO	runtime/asm_amd64.s:1650	start listening on port: 8080
2023-11-10T03:45:42.847+0700	INFO	no-name/main.go:35	Initializing DB conection...
2023-11-10T03:45:42.857+0700	INFO	no-name/main.go:36	Starting server request...
2023-11-10T03:45:42.857+0700	INFO	runtime/asm_amd64.s:1650	start listening on port: 8080
2023-11-10T03:46:35.465+0700	INFO	no-name/main.go:35	Initializing DB conection...
2023-11-10T03:46:35.472+0700	INFO	no-name/main.go:36	Starting server request...
2023-11-10T03:46:35.473+0700	INFO	runtime/asm_amd64.s:1650	start listening on port: 8080
2023-11-10T03:51:49.131+0700	INFO	no-name/main.go:35	Initializing DB conection...
2023-11-10T03:51:49.140+0700	INFO	no-name/main.go:36	Starting server request...
2023-11-10T03:51:49.140+0700	INFO	runtime/asm_amd64.s:1650	start listening on port: 8080
2023-11-10T03:55:52.050+0700	INFO	no-name/main.go:35	Initializing DB conection...
2023-11-10T03:55:52.059+0700	INFO	no-name/main.go:36	Starting server request...
2023-11-10T03:55:52.059+0700	INFO	runtime/asm_amd64.s:1650	start listening on port: 8080
2023-11-10T03:58:17.665+0700	INFO	no-name/main.go:35	Initializing DB conection...
2023-11-10T03:58:17.672+0700	INFO	no-name/main.go:36	Starting server request...
2023-11-10T03:58:17.673+0700	INFO	runtime/asm_amd64.s:1650	start listening on port: 8080
2023-11-10T04:00:29.181+0700	INFO	no-name/main.go:35	Initializing DB conection...
2023-11-10T04:00:29.190+0700	INFO	no-name/main.go:36	Starting server request...
2023-11-10T04:00:29.190+0700	INFO	runtime/asm_amd64.s:1650	start listening on port: 8080
2023-11-10T04:01:58.361+0700	INFO	no-name/main.go:35	Initializing DB conection...
2023-11-10T04:01:58.374+0700	INFO	no-name/main.go:36	Starting server request...
2023-11-10T04:01:58.374+0700	INFO	runtime/asm_amd64.s:1650	start listening on port: 8080
2023-11-10T04:05:10.736+0700	INFO	no-name/main.go:35	Initializing DB conection...
2023-11-10T04:05:10.745+0700	INFO	no-name/main.go:36	Starting server request...
2023-11-10T04:05:10.745+0700	INFO	runtime/asm_amd64.s:1650	start listening on port: 8080
2023-11-10T04:06:02.096+0700	INFO	no-name/main.go:35	Initializing DB conection...
2023-11-10T04:06:45.929+0700	INFO	no-name/main.go:35	Initializing DB conection...
2023-11-10T04:06:45.937+0700	INFO	no-name/main.go:36	Starting server request...
2023-11-10T04:06:45.937+0700	INFO	runtime/asm_amd64.s:1650	start listening on port: 8080
2023-11-10T04:09:12.722+0700	INFO	no-name/main.go:35	Initializing DB conection...
2023-11-10T04:09:12.730+0700	INFO	no-name/main.go:36	Starting server request...
2023-11-10T04:09:12.731+0700	INFO	runtime/asm_amd64.s:1650	start listening on port: 8080
2023-11-10T04:10:29.902+0700	INFO	no-name/main.go:35	Initializing DB conection...
2023-11-10T04:10:29.910+0700	INFO	no-name/main.go:36	Starting server request...
2023-11-10T04:10:29.910+0700	INFO	runtime/asm_amd64.s:1650	start listening on port: 8080
2023-11-10T04:10:32.244+0700	ERROR	userservice/user_service.go:38	Error while finding user, err: Error 1146 (42S02): Table 'noname.tb_user' doesn't exist
2023-11-10T04:10:32.244+0700	ERROR	authhandler/auth_handler.go:85	error while validating user and password, err: user existed
2023-11-10T04:10:32.244+0700	ERROR	http/server.go:2136	Failed to register user, err=user existed
2023-11-10T04:14:46.810+0700	INFO	no-name/main.go:35	Initializing DB conection...
2023-11-10T04:14:46.939+0700	INFO	no-name/main.go:36	Starting server request...
2023-11-10T04:14:46.939+0700	INFO	runtime/asm_amd64.s:1650	start listening on port: 8080
2023-11-10T04:15:33.954+0700	INFO	no-name/main.go:35	Initializing DB conection...
2023-11-10T04:15:34.060+0700	INFO	no-name/main.go:36	Starting server request...
2023-11-10T04:15:34.060+0700	INFO	runtime/asm_amd64.s:1650	start listening on port: 8080
2023-11-10T04:16:06.256+0700	ERROR	userservice/user_service.go:38	Error while finding user, err: record not found
2023-11-10T04:16:06.307+0700	ERROR	authhandler/auth_handler.go:85	error while validating user and password, err: user existed
2023-11-10T04:16:06.307+0700	ERROR	http/server.go:2136	Failed to register user, err=user existed
